{
  "stats": {
    "suites": 1,
    "tests": 1,
    "passes": 0,
    "pending": 0,
    "failures": 1,
    "start": "2025-05-19T07:09:42.992Z",
    "end": "2025-05-19T07:10:03.676Z",
    "duration": 20684,
    "testsRegistered": 1,
    "passPercent": 0,
    "pendingPercent": 0,
    "other": 0,
    "hasOther": false,
    "skipped": 0,
    "hasSkipped": false
  },
  "results": [
    {
      "uuid": "a4ddb24c-4910-4df4-896a-89538afb424f",
      "title": "",
      "fullFile": "cypress\\e2e\\360degree.cy.js",
      "file": "cypress\\e2e\\360degree.cy.js",
      "beforeHooks": [],
      "afterHooks": [],
      "tests": [],
      "suites": [
        {
          "uuid": "c69393d2-417e-46da-8525-24f81b3a6ec5",
          "title": "Test with 360 degree",
          "fullFile": "",
          "file": "",
          "beforeHooks": [],
          "afterHooks": [],
          "tests": [
            {
              "title": "rotate the image to 360 degree",
              "fullTitle": "Test with 360 degree rotate the image to 360 degree",
              "timedOut": null,
              "duration": 16487,
              "state": "failed",
              "speed": null,
              "pass": false,
              "fail": true,
              "pending": false,
              "context": "{\n  \"title\": \"cypress-mochawesome-reporter-screenshots\",\n  \"value\": [\n    [\n      \"\\\\360degree.cy.js\\\\Test with 360 degree -- rotate the image to 360 degree (failed).png\"\n    ]\n  ]\n}",
              "code": "cy.visit('https://www.iconasys.com/360-product-view-examples/multi-purpose-tool/');\ncy.frameLoaded('iframe.sh-spinner__frame');\ncy.iframe('iframe.sh-spinner__frame').find('[id=\"hotspotContainer\"]').trigger('mousedown', {\n  clientX: 100,\n  clientY: 100\n}).trigger('mousemove', {\n  clientX: 200,\n  clientY: 100\n}).trigger('mouseup');\ncy.get('.iframe-class').trigger('mousedown', {\n  clientX: 100,\n  clientY: 100\n}).trigger('mousemove', {\n  clientX: 200,\n  clientY: 100\n}).trigger('mouseup');",
              "err": {
                "message": "AssertionError: Timed out retrying after 10000ms: Expected to find element: `iframe.sh-spinner__frame`, but never found it.",
                "estack": "AssertionError: Timed out retrying after 10000ms: Expected to find element: `iframe.sh-spinner__frame`, but never found it.\n    at Context.frameLoaded (webpack://cypress_tutorial/./node_modules/cypress-iframe/dist/index.js:79:0)\n    at wrapped (https://www.iconasys.com/__cypress/runner/cypress_runner.js:140165:43)",
                "diff": null
              },
              "uuid": "a293299d-09c6-429e-97f5-b1cc4019d178",
              "parentUUID": "c69393d2-417e-46da-8525-24f81b3a6ec5",
              "isHook": false,
              "skipped": false
            }
          ],
          "suites": [],
          "passes": [],
          "failures": [
            "a293299d-09c6-429e-97f5-b1cc4019d178"
          ],
          "pending": [],
          "skipped": [],
          "duration": 16487,
          "root": false,
          "rootEmpty": false,
          "_timeout": 2000
        }
      ],
      "passes": [],
      "failures": [],
      "pending": [],
      "skipped": [],
      "duration": 0,
      "root": true,
      "rootEmpty": true,
      "_timeout": 2000
    }
  ],
  "meta": {
    "mocha": {
      "version": "7.2.0"
    },
    "mochawesome": {
      "options": {
        "quiet": false,
        "reportFilename": "mochawesome",
        "saveHtml": false,
        "saveJson": true,
        "consoleReporter": "spec",
        "useInlineDiffs": false,
        "code": true
      },
      "version": "7.1.3"
    },
    "marge": {
      "options": {
        "overwrite": false,
        "html": false,
        "json": true,
        "reportDir": "cypress\\reports\\html\\.jsons"
      },
      "version": "6.2.0"
    }
  }
}